<?xml version="1.0" encoding="UTF-8"?>
<testsuite name="mavlc.testing.ErrorCompareTest" tests="7" skipped="0" failures="0" errors="0" timestamp="2024-12-13T19:19:00" hostname="DESKTOP-NC4RSIU" time="0.088">
  <properties/>
  <testcase name="test[p2_public/task_1/id_err_1]" classname="mavlc.testing.ErrorCompareTest" time="0.018"/>
  <testcase name="test[p2_public/task_2/rec_dec_err_1]" classname="mavlc.testing.ErrorCompareTest" time="0.012"/>
  <testcase name="test[p2_public/task_4/assign_err_1]" classname="mavlc.testing.ErrorCompareTest" time="0.01"/>
  <testcase name="test[p2_public/task_4/assign_err_2]" classname="mavlc.testing.ErrorCompareTest" time="0.011"/>
  <testcase name="test[p2_public/task_4/assign_err_3]" classname="mavlc.testing.ErrorCompareTest" time="0.01"/>
  <testcase name="test[p2_public/task_5/matrix_rows_err_1]" classname="mavlc.testing.ErrorCompareTest" time="0.011"/>
  <testcase name="test[p2_public/task_6/call_err_1]" classname="mavlc.testing.ErrorCompareTest" time="0.01"/>
  <system-out><![CDATA[=== Running test case p2_public/task_1/id_err_1 ===


=== Test case p2_public/task_1/id_err_1 finished successfully ===

=== Running test case p2_public/task_2/rec_dec_err_1 ===


=== Test case p2_public/task_2/rec_dec_err_1 finished successfully ===

=== Running test case p2_public/task_4/assign_err_1 ===


=== Test case p2_public/task_4/assign_err_1 finished successfully ===

=== Running test case p2_public/task_4/assign_err_2 ===


=== Test case p2_public/task_4/assign_err_2 finished successfully ===

=== Running test case p2_public/task_4/assign_err_3 ===


=== Test case p2_public/task_4/assign_err_3 finished successfully ===

=== Running test case p2_public/task_5/matrix_rows_err_1 ===


=== Test case p2_public/task_5/matrix_rows_err_1 finished successfully ===

=== Running test case p2_public/task_6/call_err_1 ===


=== Test case p2_public/task_6/call_err_1 finished successfully ===

]]></system-out>
  <system-err><![CDATA[]]></system-err>
</testsuite>
