<?xml version="1.0" encoding="UTF-8"?>
<testsuite name="mavlc.testing.ErrorCompareTest" tests="3" skipped="0" failures="0" errors="0" timestamp="2024-11-22T19:00:39" hostname="DESKTOP-NC4RSIU" time="0.041">
  <properties/>
  <testcase name="test[p1_public/task_2/arith_err_1]" classname="mavlc.testing.ErrorCompareTest" time="0.021"/>
  <testcase name="test[p1_public/task_4/bool_err_1]" classname="mavlc.testing.ErrorCompareTest" time="0.01"/>
  <testcase name="test[p1_public/task_6/return_err_1]" classname="mavlc.testing.ErrorCompareTest" time="0.01"/>
  <system-out><![CDATA[=== Running test case p1_public/task_2/arith_err_1 ===


=== Test case p1_public/task_2/arith_err_1 finished successfully ===

=== Running test case p1_public/task_4/bool_err_1 ===


=== Test case p1_public/task_4/bool_err_1 finished successfully ===

=== Running test case p1_public/task_6/return_err_1 ===


=== Test case p1_public/task_6/return_err_1 finished successfully ===

]]></system-out>
  <system-err><![CDATA[]]></system-err>
</testsuite>
